This file contains any messages produced by compilers while
running configure, to aid debugging if configure makes a mistake.

It was created by configure, which was
generated by GNU Autoconf 2.69.  Invocation command line was

  $ ./configure --with-boost=/bip7_disk/yuqing109/Mash/boost_1_75_0/bin.v2/

## --------- ##
## Platform. ##
## --------- ##

hostname = bip7
uname -m = x86_64
uname -r = 3.10.0-514.26.2.el7.x86_64
uname -s = Linux
uname -v = #1 SMP Tue Jul 4 15:04:05 UTC 2017

/usr/bin/uname -p = x86_64
/bin/uname -X     = unknown

/bin/arch              = x86_64
/usr/bin/arch -k       = unknown
/usr/convex/getsysinfo = unknown
/usr/bin/hostinfo      = unknown
/bin/machine           = unknown
/usr/bin/oslevel       = unknown
/bin/universe          = unknown

PATH: /bip7_disk/yuqing109/ncbi-blast-2.10.1+/bin
PATH: /usr/local/anaconda3/bin
PATH: /usr/local/anaconda3/condabin
PATH: /usr/lib64/qt-3.3/bin
PATH: /usr/local/openssl/bin
PATH: /usr/local/bin
PATH: /usr/bin
PATH: /usr/local/sbin
PATH: /usr/sbin
PATH: /home/yuqing109/.local/bin
PATH: /home/yuqing109/bin


## ----------- ##
## Core tests. ##
## ----------- ##

configure:2089: checking for g++
configure:2105: found /usr/local/bin/g++
configure:2116: result: g++
configure:2143: checking for C++ compiler version
configure:2152: g++ --version >&5
g++ (GCC) 5.2.0
Copyright (C) 2015 Free Software Foundation, Inc.
This is free software; see the source for copying conditions.  There is NO
warranty; not even for MERCHANTABILITY or FITNESS FOR A PARTICULAR PURPOSE.

configure:2163: $? = 0
configure:2152: g++ -v >&5
Using built-in specs.
COLLECT_GCC=g++
COLLECT_LTO_WRAPPER=/usr/local/libexec/gcc/x86_64-unknown-linux-gnu/5.2.0/lto-wrapper
Target: x86_64-unknown-linux-gnu
Configured with: ../configure --enable-checking=release --enable-languages=c,c++ --disable-multilib
Thread model: posix
gcc version 5.2.0 (GCC) 
configure:2163: $? = 0
configure:2152: g++ -V >&5
g++: error: unrecognized command line option '-V'
g++: fatal error: no input files
compilation terminated.
configure:2163: $? = 1
configure:2152: g++ -qversion >&5
g++: error: unrecognized command line option '-qversion'
g++: fatal error: no input files
compilation terminated.
configure:2163: $? = 1
configure:2183: checking whether the C++ compiler works
configure:2205: g++    conftest.cpp  >&5
configure:2209: $? = 0
configure:2257: result: yes
configure:2260: checking for C++ compiler default output file name
configure:2262: result: a.out
configure:2268: checking for suffix of executables
configure:2275: g++ -o conftest    conftest.cpp  >&5
configure:2279: $? = 0
configure:2301: result: 
configure:2323: checking whether we are cross compiling
configure:2331: g++ -o conftest    conftest.cpp  >&5
configure:2335: $? = 0
configure:2342: ./conftest
configure:2346: $? = 0
configure:2361: result: no
configure:2366: checking for suffix of object files
configure:2388: g++ -c   conftest.cpp >&5
configure:2392: $? = 0
configure:2413: result: o
configure:2417: checking whether we are using the GNU C++ compiler
configure:2436: g++ -c   conftest.cpp >&5
configure:2436: $? = 0
configure:2445: result: yes
configure:2454: checking whether g++ accepts -g
configure:2474: g++ -c -g  conftest.cpp >&5
configure:2474: $? = 0
configure:2515: result: yes
configure:2544: checking how to run the C++ preprocessor
configure:2571: g++ -E  conftest.cpp
configure:2571: $? = 0
configure:2585: g++ -E  conftest.cpp
conftest.cpp:9:28: fatal error: ac_nonexistent.h: No such file or directory
compilation terminated.
configure:2585: $? = 1
configure: failed program was:
| /* confdefs.h */
| #define PACKAGE_NAME ""
| #define PACKAGE_TARNAME ""
| #define PACKAGE_VERSION ""
| #define PACKAGE_STRING ""
| #define PACKAGE_BUGREPORT ""
| #define PACKAGE_URL ""
| /* end confdefs.h.  */
| #include <ac_nonexistent.h>
configure:2610: result: g++ -E
configure:2630: g++ -E  conftest.cpp
configure:2630: $? = 0
configure:2644: g++ -E  conftest.cpp
conftest.cpp:9:28: fatal error: ac_nonexistent.h: No such file or directory
compilation terminated.
configure:2644: $? = 1
configure: failed program was:
| /* confdefs.h */
| #define PACKAGE_NAME ""
| #define PACKAGE_TARNAME ""
| #define PACKAGE_VERSION ""
| #define PACKAGE_STRING ""
| #define PACKAGE_BUGREPORT ""
| #define PACKAGE_URL ""
| /* end confdefs.h.  */
| #include <ac_nonexistent.h>
configure:2673: checking for grep that handles long lines and -e
configure:2731: result: /usr/bin/grep
configure:2736: checking for egrep
configure:2798: result: /usr/bin/grep -E
configure:2803: checking for ANSI C header files
configure:2823: g++ -c -g -O2  conftest.cpp >&5
configure:2823: $? = 0
configure:2896: g++ -o conftest -g -O2   conftest.cpp  >&5
configure:2896: $? = 0
configure:2896: ./conftest
configure:2896: $? = 0
configure:2907: result: yes
configure:2920: checking for sys/types.h
configure:2920: g++ -c -g -O2  conftest.cpp >&5
configure:2920: $? = 0
configure:2920: result: yes
configure:2920: checking for sys/stat.h
configure:2920: g++ -c -g -O2  conftest.cpp >&5
configure:2920: $? = 0
configure:2920: result: yes
configure:2920: checking for stdlib.h
configure:2920: g++ -c -g -O2  conftest.cpp >&5
configure:2920: $? = 0
configure:2920: result: yes
configure:2920: checking for string.h
configure:2920: g++ -c -g -O2  conftest.cpp >&5
configure:2920: $? = 0
configure:2920: result: yes
configure:2920: checking for memory.h
configure:2920: g++ -c -g -O2  conftest.cpp >&5
configure:2920: $? = 0
configure:2920: result: yes
configure:2920: checking for strings.h
configure:2920: g++ -c -g -O2  conftest.cpp >&5
configure:2920: $? = 0
configure:2920: result: yes
configure:2920: checking for inttypes.h
configure:2920: g++ -c -g -O2  conftest.cpp >&5
configure:2920: $? = 0
configure:2920: result: yes
configure:2920: checking for stdint.h
configure:2920: g++ -c -g -O2  conftest.cpp >&5
configure:2920: $? = 0
configure:2920: result: yes
configure:2920: checking for unistd.h
configure:2920: g++ -c -g -O2  conftest.cpp >&5
configure:2920: $? = 0
configure:2920: result: yes
configure:2932: checking zlib.h usability
configure:2932: g++ -c -g -O2  conftest.cpp >&5
configure:2932: $? = 0
configure:2932: result: yes
configure:2932: checking zlib.h presence
configure:2932: g++ -E  conftest.cpp
configure:2932: $? = 0
configure:2932: result: yes
configure:2932: checking for zlib.h
configure:2932: result: yes
configure:2948: checking for capnp
configure:2964: found /usr/local//bin/capnp
configure:2976: result: yes
configure:2992: checking capnp/common.h usability
configure:2992: g++ -c -g -O2 -I/usr/local//include -std=c++14 conftest.cpp >&5
configure:2992: $? = 0
configure:2992: result: yes
configure:2992: checking capnp/common.h presence
configure:2992: g++ -E -I/usr/local//include -std=c++14 conftest.cpp
configure:2992: $? = 0
configure:2992: result: yes
configure:2992: checking for capnp/common.h
configure:2992: result: yes
configure:3036: checking boost/math/distributions/binomial.hpp usability
configure:3036: g++ -c -g -O2 -I/bip7_disk/yuqing109/Mash/boost_1_75_0/bin.v2//include conftest.cpp >&5
configure:3036: $? = 0
configure:3036: result: yes
configure:3036: checking boost/math/distributions/binomial.hpp presence
configure:3036: g++ -E -I/bip7_disk/yuqing109/Mash/boost_1_75_0/bin.v2//include conftest.cpp
configure:3036: $? = 0
configure:3036: result: yes
configure:3036: checking for boost/math/distributions/binomial.hpp
configure:3036: result: yes
configure:3213: creating ./config.status

## ---------------------- ##
## Running config.status. ##
## ---------------------- ##

This file was extended by config.status, which was
generated by GNU Autoconf 2.69.  Invocation command line was

  CONFIG_FILES    = 
  CONFIG_HEADERS  = 
  CONFIG_LINKS    = 
  CONFIG_COMMANDS = 
  $ ./config.status 

on bip7

config.status:728: creating Makefile

## ---------------- ##
## Cache variables. ##
## ---------------- ##

ac_cv_cxx_compiler_gnu=yes
ac_cv_env_CCC_set=
ac_cv_env_CCC_value=
ac_cv_env_CPPFLAGS_set=
ac_cv_env_CPPFLAGS_value=
ac_cv_env_CXXCPP_set=
ac_cv_env_CXXCPP_value=
ac_cv_env_CXXFLAGS_set=
ac_cv_env_CXXFLAGS_value=
ac_cv_env_CXX_set=
ac_cv_env_CXX_value=
ac_cv_env_LDFLAGS_set=
ac_cv_env_LDFLAGS_value=
ac_cv_env_LIBS_set=
ac_cv_env_LIBS_value=
ac_cv_env_build_alias_set=
ac_cv_env_build_alias_value=
ac_cv_env_host_alias_set=
ac_cv_env_host_alias_value=
ac_cv_env_target_alias_set=
ac_cv_env_target_alias_value=
ac_cv_header_boost_math_distributions_binomial_hpp=yes
ac_cv_header_capnp_common_h=yes
ac_cv_header_inttypes_h=yes
ac_cv_header_memory_h=yes
ac_cv_header_stdc=yes
ac_cv_header_stdint_h=yes
ac_cv_header_stdlib_h=yes
ac_cv_header_string_h=yes
ac_cv_header_strings_h=yes
ac_cv_header_sys_stat_h=yes
ac_cv_header_sys_types_h=yes
ac_cv_header_unistd_h=yes
ac_cv_header_zlib_h=yes
ac_cv_objext=o
ac_cv_path_EGREP='/usr/bin/grep -E'
ac_cv_path_GREP=/usr/bin/grep
ac_cv_prog_CXXCPP='g++ -E'
ac_cv_prog_ac_ct_CXX=g++
ac_cv_prog_capnpCheck=yes
ac_cv_prog_cxx_g=yes

## ----------------- ##
## Output variables. ##
## ----------------- ##

CPPFLAGS='-I/bip7_disk/yuqing109/Mash/boost_1_75_0/bin.v2//include'
CXX='g++'
CXXCPP='g++ -E'
CXXFLAGS='-g -O2'
DEFS='-DPACKAGE_NAME=\"\" -DPACKAGE_TARNAME=\"\" -DPACKAGE_VERSION=\"\" -DPACKAGE_STRING=\"\" -DPACKAGE_BUGREPORT=\"\" -DPACKAGE_URL=\"\" -DSTDC_HEADERS=1 -DHAVE_SYS_TYPES_H=1 -DHAVE_SYS_STAT_H=1 -DHAVE_STDLIB_H=1 -DHAVE_STRING_H=1 -DHAVE_MEMORY_H=1 -DHAVE_STRINGS_H=1 -DHAVE_INTTYPES_H=1 -DHAVE_STDINT_H=1 -DHAVE_UNISTD_H=1'
ECHO_C=''
ECHO_N='-n'
ECHO_T=''
EGREP='/usr/bin/grep -E'
EXEEXT=''
GREP='/usr/bin/grep'
LDFLAGS=''
LIBOBJS=''
LIBS=''
LTLIBOBJS=''
OBJEXT='o'
PACKAGE_BUGREPORT=''
PACKAGE_NAME=''
PACKAGE_STRING=''
PACKAGE_TARNAME=''
PACKAGE_URL=''
PACKAGE_VERSION=''
PATH_SEPARATOR=':'
SHELL='/bin/sh'
ac_ct_CXX='g++'
amcppflags='-DUSE_BOOST'
bindir='${exec_prefix}/bin'
build_alias=''
capnp='/usr/local/'
capnpCheck='yes'
datadir='${datarootdir}'
datarootdir='${prefix}/share'
docdir='${datarootdir}/doc/${PACKAGE}'
dvidir='${docdir}'
exec_prefix='${prefix}'
host_alias=''
htmldir='${docdir}'
includedir='${prefix}/include'
infodir='${datarootdir}/info'
libdir='${exec_prefix}/lib'
libexecdir='${exec_prefix}/libexec'
localedir='${datarootdir}/locale'
localstatedir='${prefix}/var'
mandir='${datarootdir}/man'
mathinc='/bip7_disk/yuqing109/Mash/boost_1_75_0/bin.v2//include'
mathlib='/bip7_disk/yuqing109/Mash/boost_1_75_0/bin.v2//lib/libboost_math_c99.a'
oldincludedir='/usr/include'
pdfdir='${docdir}'
prefix='/usr/local'
program_transform_name='s,x,x,'
psdir='${docdir}'
sbindir='${exec_prefix}/sbin'
sharedstatedir='${prefix}/com'
sysconfdir='${prefix}/etc'
target_alias=''

## ----------- ##
## confdefs.h. ##
## ----------- ##

/* confdefs.h */
#define PACKAGE_NAME ""
#define PACKAGE_TARNAME ""
#define PACKAGE_VERSION ""
#define PACKAGE_STRING ""
#define PACKAGE_BUGREPORT ""
#define PACKAGE_URL ""
#define STDC_HEADERS 1
#define HAVE_SYS_TYPES_H 1
#define HAVE_SYS_STAT_H 1
#define HAVE_STDLIB_H 1
#define HAVE_STRING_H 1
#define HAVE_MEMORY_H 1
#define HAVE_STRINGS_H 1
#define HAVE_INTTYPES_H 1
#define HAVE_STDINT_H 1
#define HAVE_UNISTD_H 1

configure: exit 0
